{"timestamp":"2026-06-10T22:02:31.523975Z","level":"info","event":"Filling up the DagBag from /opt/airflow/dags/etl_csv_to_postgres.py","logger":"airflow.dag_processing.dagbag.BundleDagBag","filename":"dagbag.py","lineno":469}
{"timestamp":"2026-06-10T22:03:01.744241Z","level":"info","event":"Filling up the DagBag from /opt/airflow/dags/etl_csv_to_postgres.py","logger":"airflow.dag_processing.dagbag.BundleDagBag","filename":"dagbag.py","lineno":469}
{"timestamp":"2026-06-10T22:03:31.905650Z","level":"info","event":"Filling up the DagBag from /opt/airflow/dags/etl_csv_to_postgres.py","logger":"airflow.dag_processing.dagbag.BundleDagBag","filename":"dagbag.py","lineno":469}
{"timestamp":"2026-06-10T22:04:02.064077Z","level":"info","event":"Filling up the DagBag from /opt/airflow/dags/etl_csv_to_postgres.py","logger":"airflow.dag_processing.dagbag.BundleDagBag","filename":"dagbag.py","lineno":469}
{"timestamp":"2026-06-10T22:04:32.205608Z","level":"info","event":"Filling up the DagBag from /opt/airflow/dags/etl_csv_to_postgres.py","logger":"airflow.dag_processing.dagbag.BundleDagBag","filename":"dagbag.py","lineno":469}
{"timestamp":"2026-06-10T22:05:46.338691Z","level":"info","event":"Filling up the DagBag from /opt/airflow/dags/etl_csv_to_postgres.py","logger":"airflow.dag_processing.dagbag.BundleDagBag","filename":"dagbag.py","lineno":469}
{"timestamp":"2026-06-10T22:06:16.658860Z","level":"info","event":"Filling up the DagBag from /opt/airflow/dags/etl_csv_to_postgres.py","logger":"airflow.dag_processing.dagbag.BundleDagBag","filename":"dagbag.py","lineno":469}
{"timestamp":"2026-06-10T22:06:47.325487Z","level":"info","event":"Filling up the DagBag from /opt/airflow/dags/etl_csv_to_postgres.py","logger":"airflow.dag_processing.dagbag.BundleDagBag","filename":"dagbag.py","lineno":469}
{"timestamp":"2026-06-10T22:07:18.095723Z","level":"info","event":"Filling up the DagBag from /opt/airflow/dags/etl_csv_to_postgres.py","logger":"airflow.dag_processing.dagbag.BundleDagBag","filename":"dagbag.py","lineno":469}
{"timestamp":"2026-06-10T22:07:48.314990Z","level":"info","event":"Filling up the DagBag from /opt/airflow/dags/etl_csv_to_postgres.py","logger":"airflow.dag_processing.dagbag.BundleDagBag","filename":"dagbag.py","lineno":469}
{"timestamp":"2026-06-10T22:08:18.524464Z","level":"info","event":"Filling up the DagBag from /opt/airflow/dags/etl_csv_to_postgres.py","logger":"airflow.dag_processing.dagbag.BundleDagBag","filename":"dagbag.py","lineno":469}
{"timestamp":"2026-06-10T22:08:48.697753Z","level":"info","event":"Filling up the DagBag from /opt/airflow/dags/etl_csv_to_postgres.py","logger":"airflow.dag_processing.dagbag.BundleDagBag","filename":"dagbag.py","lineno":469}
{"timestamp":"2026-06-10T22:09:19.031174Z","level":"info","event":"Filling up the DagBag from /opt/airflow/dags/etl_csv_to_postgres.py","logger":"airflow.dag_processing.dagbag.BundleDagBag","filename":"dagbag.py","lineno":469}
{"timestamp":"2026-06-10T22:09:49.906073Z","level":"info","event":"Filling up the DagBag from /opt/airflow/dags/etl_csv_to_postgres.py","logger":"airflow.dag_processing.dagbag.BundleDagBag","filename":"dagbag.py","lineno":469}
{"timestamp":"2026-06-10T22:10:20.810879Z","level":"info","event":"Filling up the DagBag from /opt/airflow/dags/etl_csv_to_postgres.py","logger":"airflow.dag_processing.dagbag.BundleDagBag","filename":"dagbag.py","lineno":469}
{"timestamp":"2026-06-10T22:10:51.005583Z","level":"info","event":"Filling up the DagBag from /opt/airflow/dags/etl_csv_to_postgres.py","logger":"airflow.dag_processing.dagbag.BundleDagBag","filename":"dagbag.py","lineno":469}
{"timestamp":"2026-06-10T22:11:21.343127Z","level":"info","event":"Filling up the DagBag from /opt/airflow/dags/etl_csv_to_postgres.py","logger":"airflow.dag_processing.dagbag.BundleDagBag","filename":"dagbag.py","lineno":469}
{"timestamp":"2026-06-10T22:11:51.662862Z","level":"info","event":"Filling up the DagBag from /opt/airflow/dags/etl_csv_to_postgres.py","logger":"airflow.dag_processing.dagbag.BundleDagBag","filename":"dagbag.py","lineno":469}
{"timestamp":"2026-06-10T22:12:21.855991Z","level":"info","event":"Filling up the DagBag from /opt/airflow/dags/etl_csv_to_postgres.py","logger":"airflow.dag_processing.dagbag.BundleDagBag","filename":"dagbag.py","lineno":469}
{"timestamp":"2026-06-10T22:12:52.074529Z","level":"info","event":"Filling up the DagBag from /opt/airflow/dags/etl_csv_to_postgres.py","logger":"airflow.dag_processing.dagbag.BundleDagBag","filename":"dagbag.py","lineno":469}
{"timestamp":"2026-06-10T22:13:00.490548Z","level":"info","event":"Filling up the DagBag from /opt/airflow/dags/etl_csv_to_postgres.py","logger":"airflow.dag_processing.dagbag.BundleDagBag","filename":"dagbag.py","lineno":469}
{"timestamp":"2026-06-10T22:13:30.729922Z","level":"info","event":"Filling up the DagBag from /opt/airflow/dags/etl_csv_to_postgres.py","logger":"airflow.dag_processing.dagbag.BundleDagBag","filename":"dagbag.py","lineno":469}
{"timestamp":"2026-06-10T22:14:00.959505Z","level":"info","event":"Filling up the DagBag from /opt/airflow/dags/etl_csv_to_postgres.py","logger":"airflow.dag_processing.dagbag.BundleDagBag","filename":"dagbag.py","lineno":469}
{"timestamp":"2026-06-10T22:14:31.071400Z","level":"info","event":"Filling up the DagBag from /opt/airflow/dags/etl_csv_to_postgres.py","logger":"airflow.dag_processing.dagbag.BundleDagBag","filename":"dagbag.py","lineno":469}
{"timestamp":"2026-06-10T22:14:44.275168Z","level":"info","event":"Filling up the DagBag from /opt/airflow/dags/etl_csv_to_postgres.py","logger":"airflow.dag_processing.dagbag.BundleDagBag","filename":"dagbag.py","lineno":469}
{"timestamp":"2026-06-10T22:15:14.565857Z","level":"info","event":"Filling up the DagBag from /opt/airflow/dags/etl_csv_to_postgres.py","logger":"airflow.dag_processing.dagbag.BundleDagBag","filename":"dagbag.py","lineno":469}
{"timestamp":"2026-06-10T22:15:44.731025Z","level":"info","event":"Filling up the DagBag from /opt/airflow/dags/etl_csv_to_postgres.py","logger":"airflow.dag_processing.dagbag.BundleDagBag","filename":"dagbag.py","lineno":469}
{"timestamp":"2026-06-10T22:16:14.917414Z","level":"info","event":"Filling up the DagBag from /opt/airflow/dags/etl_csv_to_postgres.py","logger":"airflow.dag_processing.dagbag.BundleDagBag","filename":"dagbag.py","lineno":469}
{"timestamp":"2026-06-10T22:16:45.298190Z","level":"info","event":"Filling up the DagBag from /opt/airflow/dags/etl_csv_to_postgres.py","logger":"airflow.dag_processing.dagbag.BundleDagBag","filename":"dagbag.py","lineno":469}
{"timestamp":"2026-06-10T22:17:15.607142Z","level":"info","event":"Filling up the DagBag from /opt/airflow/dags/etl_csv_to_postgres.py","logger":"airflow.dag_processing.dagbag.BundleDagBag","filename":"dagbag.py","lineno":469}
{"timestamp":"2026-06-10T22:17:45.754521Z","level":"info","event":"Filling up the DagBag from /opt/airflow/dags/etl_csv_to_postgres.py","logger":"airflow.dag_processing.dagbag.BundleDagBag","filename":"dagbag.py","lineno":469}
{"timestamp":"2026-06-10T22:18:16.677256Z","level":"info","event":"Filling up the DagBag from /opt/airflow/dags/etl_csv_to_postgres.py","logger":"airflow.dag_processing.dagbag.BundleDagBag","filename":"dagbag.py","lineno":469}
{"timestamp":"2026-06-10T22:18:47.582722Z","level":"info","event":"Filling up the DagBag from /opt/airflow/dags/etl_csv_to_postgres.py","logger":"airflow.dag_processing.dagbag.BundleDagBag","filename":"dagbag.py","lineno":469}
{"timestamp":"2026-06-10T22:19:18.017643Z","level":"info","event":"Filling up the DagBag from /opt/airflow/dags/etl_csv_to_postgres.py","logger":"airflow.dag_processing.dagbag.BundleDagBag","filename":"dagbag.py","lineno":469}
{"timestamp":"2026-06-10T22:19:48.825782Z","level":"info","event":"Filling up the DagBag from /opt/airflow/dags/etl_csv_to_postgres.py","logger":"airflow.dag_processing.dagbag.BundleDagBag","filename":"dagbag.py","lineno":469}
{"timestamp":"2026-06-10T22:20:19.138730Z","level":"info","event":"Filling up the DagBag from /opt/airflow/dags/etl_csv_to_postgres.py","logger":"airflow.dag_processing.dagbag.BundleDagBag","filename":"dagbag.py","lineno":469}
{"timestamp":"2026-06-10T22:20:49.324149Z","level":"info","event":"Filling up the DagBag from /opt/airflow/dags/etl_csv_to_postgres.py","logger":"airflow.dag_processing.dagbag.BundleDagBag","filename":"dagbag.py","lineno":469}
{"timestamp":"2026-06-10T22:20:59.862977Z","level":"info","event":"Filling up the DagBag from /opt/airflow/dags/etl_csv_to_postgres.py","logger":"airflow.dag_processing.dagbag.BundleDagBag","filename":"dagbag.py","lineno":469}
{"timestamp":"2026-06-10T22:21:30.094142Z","level":"info","event":"Filling up the DagBag from /opt/airflow/dags/etl_csv_to_postgres.py","logger":"airflow.dag_processing.dagbag.BundleDagBag","filename":"dagbag.py","lineno":469}
{"timestamp":"2026-06-10T22:22:00.365278Z","level":"info","event":"Filling up the DagBag from /opt/airflow/dags/etl_csv_to_postgres.py","logger":"airflow.dag_processing.dagbag.BundleDagBag","filename":"dagbag.py","lineno":469}
{"timestamp":"2026-06-10T22:22:09.104228Z","level":"info","event":"Filling up the DagBag from /opt/airflow/dags/etl_csv_to_postgres.py","logger":"airflow.dag_processing.dagbag.BundleDagBag","filename":"dagbag.py","lineno":469}
{"timestamp":"2026-06-10T22:22:39.410124Z","level":"info","event":"Filling up the DagBag from /opt/airflow/dags/etl_csv_to_postgres.py","logger":"airflow.dag_processing.dagbag.BundleDagBag","filename":"dagbag.py","lineno":469}
{"timestamp":"2026-06-10T22:23:09.846153Z","level":"info","event":"Filling up the DagBag from /opt/airflow/dags/etl_csv_to_postgres.py","logger":"airflow.dag_processing.dagbag.BundleDagBag","filename":"dagbag.py","lineno":469}
{"timestamp":"2026-06-10T22:23:40.241016Z","level":"info","event":"Filling up the DagBag from /opt/airflow/dags/etl_csv_to_postgres.py","logger":"airflow.dag_processing.dagbag.BundleDagBag","filename":"dagbag.py","lineno":469}
{"timestamp":"2026-06-10T22:24:10.564445Z","level":"info","event":"Filling up the DagBag from /opt/airflow/dags/etl_csv_to_postgres.py","logger":"airflow.dag_processing.dagbag.BundleDagBag","filename":"dagbag.py","lineno":469}
{"timestamp":"2026-06-10T22:24:32.275004Z","level":"info","event":"Filling up the DagBag from /opt/airflow/dags/etl_csv_to_postgres.py","logger":"airflow.dag_processing.dagbag.BundleDagBag","filename":"dagbag.py","lineno":469}
{"timestamp":"2026-06-10T22:25:02.613331Z","level":"info","event":"Filling up the DagBag from /opt/airflow/dags/etl_csv_to_postgres.py","logger":"airflow.dag_processing.dagbag.BundleDagBag","filename":"dagbag.py","lineno":469}
{"timestamp":"2026-06-10T22:25:32.857779Z","level":"info","event":"Filling up the DagBag from /opt/airflow/dags/etl_csv_to_postgres.py","logger":"airflow.dag_processing.dagbag.BundleDagBag","filename":"dagbag.py","lineno":469}
{"timestamp":"2026-06-10T22:26:01.400961Z","level":"info","event":"Filling up the DagBag from /opt/airflow/dags/etl_csv_to_postgres.py","logger":"airflow.dag_processing.dagbag.BundleDagBag","filename":"dagbag.py","lineno":469}
{"timestamp":"2026-06-10T22:26:01.404007Z","level":"error","event":"Failed to import: /opt/airflow/dags/etl_csv_to_postgres.py","logger":"airflow.dag_processing.importers.python_importer","filename":"python_importer.py","lineno":244,"error_detail":[{"exc_type":"TypeError","exc_value":"DAG.__init__() got an unexpected keyword argument 'fail_on_python_operator_exception'","exc_notes":[],"syntax_error":null,"is_cause":false,"frames":[{"filename":"/home/airflow/.local/lib/python3.13/site-packages/airflow/dag_processing/importers/python_importer.py","lineno":238,"name":"parse"},{"filename":"<frozen importlib._bootstrap_external>","lineno":1023,"name":"exec_module"},{"filename":"<frozen importlib._bootstrap>","lineno":488,"name":"_call_with_frames_removed"},{"filename":"/opt/airflow/dags/etl_csv_to_postgres.py","lineno":67,"name":"<module>"}],"is_group":false,"exceptions":[]}]}
{"timestamp":"2026-06-10T22:26:01.405288Z","level":"error","event":"Error loading DAG from etl_csv_to_postgres.py: DAG.__init__() got an unexpected keyword argument 'fail_on_python_operator_exception'","logger":"airflow.dag_processing.dagbag.BundleDagBag","filename":"dagbag.py","lineno":327}
{"timestamp":"2026-06-10T22:26:06.248603Z","level":"info","event":"Filling up the DagBag from /opt/airflow/dags/etl_csv_to_postgres.py","logger":"airflow.dag_processing.dagbag.BundleDagBag","filename":"dagbag.py","lineno":469}
{"timestamp":"2026-06-10T22:26:06.251225Z","level":"error","event":"Failed to import: /opt/airflow/dags/etl_csv_to_postgres.py","logger":"airflow.dag_processing.importers.python_importer","filename":"python_importer.py","lineno":244,"error_detail":[{"exc_type":"TypeError","exc_value":"DAG.__init__() got an unexpected keyword argument 'fail_on_python_operator_exception'","exc_notes":[],"syntax_error":null,"is_cause":false,"frames":[{"filename":"/home/airflow/.local/lib/python3.13/site-packages/airflow/dag_processing/importers/python_importer.py","lineno":238,"name":"parse"},{"filename":"<frozen importlib._bootstrap_external>","lineno":1023,"name":"exec_module"},{"filename":"<frozen importlib._bootstrap>","lineno":488,"name":"_call_with_frames_removed"},{"filename":"/opt/airflow/dags/etl_csv_to_postgres.py","lineno":67,"name":"<module>"}],"is_group":false,"exceptions":[]}]}
{"timestamp":"2026-06-10T22:26:06.252182Z","level":"error","event":"Error loading DAG from etl_csv_to_postgres.py: DAG.__init__() got an unexpected keyword argument 'fail_on_python_operator_exception'","logger":"airflow.dag_processing.dagbag.BundleDagBag","filename":"dagbag.py","lineno":327}
{"timestamp":"2026-06-10T22:26:36.535709Z","level":"info","event":"Filling up the DagBag from /opt/airflow/dags/etl_csv_to_postgres.py","logger":"airflow.dag_processing.dagbag.BundleDagBag","filename":"dagbag.py","lineno":469}
{"timestamp":"2026-06-10T22:26:36.539627Z","level":"error","event":"Failed to import: /opt/airflow/dags/etl_csv_to_postgres.py","logger":"airflow.dag_processing.importers.python_importer","filename":"python_importer.py","lineno":244,"error_detail":[{"exc_type":"TypeError","exc_value":"DAG.__init__() got an unexpected keyword argument 'fail_on_python_operator_exception'","exc_notes":[],"syntax_error":null,"is_cause":false,"frames":[{"filename":"/home/airflow/.local/lib/python3.13/site-packages/airflow/dag_processing/importers/python_importer.py","lineno":238,"name":"parse"},{"filename":"<frozen importlib._bootstrap_external>","lineno":1023,"name":"exec_module"},{"filename":"<frozen importlib._bootstrap>","lineno":488,"name":"_call_with_frames_removed"},{"filename":"/opt/airflow/dags/etl_csv_to_postgres.py","lineno":67,"name":"<module>"}],"is_group":false,"exceptions":[]}]}
{"timestamp":"2026-06-10T22:26:36.540803Z","level":"error","event":"Error loading DAG from etl_csv_to_postgres.py: DAG.__init__() got an unexpected keyword argument 'fail_on_python_operator_exception'","logger":"airflow.dag_processing.dagbag.BundleDagBag","filename":"dagbag.py","lineno":327}
{"timestamp":"2026-06-10T22:27:06.675601Z","level":"info","event":"Filling up the DagBag from /opt/airflow/dags/etl_csv_to_postgres.py","logger":"airflow.dag_processing.dagbag.BundleDagBag","filename":"dagbag.py","lineno":469}
{"timestamp":"2026-06-10T22:27:06.677747Z","level":"error","event":"Failed to import: /opt/airflow/dags/etl_csv_to_postgres.py","logger":"airflow.dag_processing.importers.python_importer","filename":"python_importer.py","lineno":244,"error_detail":[{"exc_type":"TypeError","exc_value":"DAG.__init__() got an unexpected keyword argument 'fail_on_python_operator_exception'","exc_notes":[],"syntax_error":null,"is_cause":false,"frames":[{"filename":"/home/airflow/.local/lib/python3.13/site-packages/airflow/dag_processing/importers/python_importer.py","lineno":238,"name":"parse"},{"filename":"<frozen importlib._bootstrap_external>","lineno":1023,"name":"exec_module"},{"filename":"<frozen importlib._bootstrap>","lineno":488,"name":"_call_with_frames_removed"},{"filename":"/opt/airflow/dags/etl_csv_to_postgres.py","lineno":67,"name":"<module>"}],"is_group":false,"exceptions":[]}]}
{"timestamp":"2026-06-10T22:27:06.678298Z","level":"error","event":"Error loading DAG from etl_csv_to_postgres.py: DAG.__init__() got an unexpected keyword argument 'fail_on_python_operator_exception'","logger":"airflow.dag_processing.dagbag.BundleDagBag","filename":"dagbag.py","lineno":327}
{"timestamp":"2026-06-10T22:27:37.538909Z","level":"info","event":"Filling up the DagBag from /opt/airflow/dags/etl_csv_to_postgres.py","logger":"airflow.dag_processing.dagbag.BundleDagBag","filename":"dagbag.py","lineno":469}
{"timestamp":"2026-06-10T22:27:37.543455Z","level":"error","event":"Failed to import: /opt/airflow/dags/etl_csv_to_postgres.py","logger":"airflow.dag_processing.importers.python_importer","filename":"python_importer.py","lineno":244,"error_detail":[{"exc_type":"TypeError","exc_value":"DAG.__init__() got an unexpected keyword argument 'fail_on_python_operator_exception'","exc_notes":[],"syntax_error":null,"is_cause":false,"frames":[{"filename":"/home/airflow/.local/lib/python3.13/site-packages/airflow/dag_processing/importers/python_importer.py","lineno":238,"name":"parse"},{"filename":"<frozen importlib._bootstrap_external>","lineno":1023,"name":"exec_module"},{"filename":"<frozen importlib._bootstrap>","lineno":488,"name":"_call_with_frames_removed"},{"filename":"/opt/airflow/dags/etl_csv_to_postgres.py","lineno":67,"name":"<module>"}],"is_group":false,"exceptions":[]}]}
{"timestamp":"2026-06-10T22:27:37.545166Z","level":"error","event":"Error loading DAG from etl_csv_to_postgres.py: DAG.__init__() got an unexpected keyword argument 'fail_on_python_operator_exception'","logger":"airflow.dag_processing.dagbag.BundleDagBag","filename":"dagbag.py","lineno":327}
{"timestamp":"2026-06-10T22:28:07.741391Z","level":"info","event":"Filling up the DagBag from /opt/airflow/dags/etl_csv_to_postgres.py","logger":"airflow.dag_processing.dagbag.BundleDagBag","filename":"dagbag.py","lineno":469}
{"timestamp":"2026-06-10T22:28:07.744571Z","level":"error","event":"Failed to import: /opt/airflow/dags/etl_csv_to_postgres.py","logger":"airflow.dag_processing.importers.python_importer","filename":"python_importer.py","lineno":244,"error_detail":[{"exc_type":"TypeError","exc_value":"DAG.__init__() got an unexpected keyword argument 'fail_on_python_operator_exception'","exc_notes":[],"syntax_error":null,"is_cause":false,"frames":[{"filename":"/home/airflow/.local/lib/python3.13/site-packages/airflow/dag_processing/importers/python_importer.py","lineno":238,"name":"parse"},{"filename":"<frozen importlib._bootstrap_external>","lineno":1023,"name":"exec_module"},{"filename":"<frozen importlib._bootstrap>","lineno":488,"name":"_call_with_frames_removed"},{"filename":"/opt/airflow/dags/etl_csv_to_postgres.py","lineno":67,"name":"<module>"}],"is_group":false,"exceptions":[]}]}
{"timestamp":"2026-06-10T22:28:07.745393Z","level":"error","event":"Error loading DAG from etl_csv_to_postgres.py: DAG.__init__() got an unexpected keyword argument 'fail_on_python_operator_exception'","logger":"airflow.dag_processing.dagbag.BundleDagBag","filename":"dagbag.py","lineno":327}
{"timestamp":"2026-06-10T22:28:38.015044Z","level":"info","event":"Filling up the DagBag from /opt/airflow/dags/etl_csv_to_postgres.py","logger":"airflow.dag_processing.dagbag.BundleDagBag","filename":"dagbag.py","lineno":469}
{"timestamp":"2026-06-10T22:28:38.018472Z","level":"error","event":"Failed to import: /opt/airflow/dags/etl_csv_to_postgres.py","logger":"airflow.dag_processing.importers.python_importer","filename":"python_importer.py","lineno":244,"error_detail":[{"exc_type":"TypeError","exc_value":"DAG.__init__() got an unexpected keyword argument 'fail_on_python_operator_exception'","exc_notes":[],"syntax_error":null,"is_cause":false,"frames":[{"filename":"/home/airflow/.local/lib/python3.13/site-packages/airflow/dag_processing/importers/python_importer.py","lineno":238,"name":"parse"},{"filename":"<frozen importlib._bootstrap_external>","lineno":1023,"name":"exec_module"},{"filename":"<frozen importlib._bootstrap>","lineno":488,"name":"_call_with_frames_removed"},{"filename":"/opt/airflow/dags/etl_csv_to_postgres.py","lineno":67,"name":"<module>"}],"is_group":false,"exceptions":[]}]}
{"timestamp":"2026-06-10T22:28:38.019328Z","level":"error","event":"Error loading DAG from etl_csv_to_postgres.py: DAG.__init__() got an unexpected keyword argument 'fail_on_python_operator_exception'","logger":"airflow.dag_processing.dagbag.BundleDagBag","filename":"dagbag.py","lineno":327}
{"timestamp":"2026-06-10T22:29:08.231975Z","level":"info","event":"Filling up the DagBag from /opt/airflow/dags/etl_csv_to_postgres.py","logger":"airflow.dag_processing.dagbag.BundleDagBag","filename":"dagbag.py","lineno":469}
{"timestamp":"2026-06-10T22:29:08.235085Z","level":"error","event":"Failed to import: /opt/airflow/dags/etl_csv_to_postgres.py","logger":"airflow.dag_processing.importers.python_importer","filename":"python_importer.py","lineno":244,"error_detail":[{"exc_type":"TypeError","exc_value":"DAG.__init__() got an unexpected keyword argument 'fail_on_python_operator_exception'","exc_notes":[],"syntax_error":null,"is_cause":false,"frames":[{"filename":"/home/airflow/.local/lib/python3.13/site-packages/airflow/dag_processing/importers/python_importer.py","lineno":238,"name":"parse"},{"filename":"<frozen importlib._bootstrap_external>","lineno":1023,"name":"exec_module"},{"filename":"<frozen importlib._bootstrap>","lineno":488,"name":"_call_with_frames_removed"},{"filename":"/opt/airflow/dags/etl_csv_to_postgres.py","lineno":67,"name":"<module>"}],"is_group":false,"exceptions":[]}]}
{"timestamp":"2026-06-10T22:29:08.236240Z","level":"error","event":"Error loading DAG from etl_csv_to_postgres.py: DAG.__init__() got an unexpected keyword argument 'fail_on_python_operator_exception'","logger":"airflow.dag_processing.dagbag.BundleDagBag","filename":"dagbag.py","lineno":327}
{"timestamp":"2026-06-10T22:29:35.744744Z","level":"info","event":"Filling up the DagBag from /opt/airflow/dags/etl_csv_to_postgres.py","logger":"airflow.dag_processing.dagbag.BundleDagBag","filename":"dagbag.py","lineno":469}
{"timestamp":"2026-06-10T22:29:35.746514Z","level":"error","event":"Failed to import: /opt/airflow/dags/etl_csv_to_postgres.py","logger":"airflow.dag_processing.importers.python_importer","filename":"python_importer.py","lineno":244,"error_detail":[{"exc_type":"SyntaxError","exc_value":"expected 'except' or 'finally' block (etl_csv_to_postgres.py, line 67)","exc_notes":[],"syntax_error":{"offset":0,"filename":"/opt/airflow/dags/etl_csv_to_postgres.py","line":"with DAG(\n","lineno":67,"msg":"expected 'except' or 'finally' block"},"is_cause":false,"frames":[{"filename":"/home/airflow/.local/lib/python3.13/site-packages/airflow/dag_processing/importers/python_importer.py","lineno":238,"name":"parse"},{"filename":"<frozen importlib._bootstrap_external>","lineno":1019,"name":"exec_module"},{"filename":"<frozen importlib._bootstrap_external>","lineno":1157,"name":"get_code"},{"filename":"<frozen importlib._bootstrap_external>","lineno":1087,"name":"source_to_code"},{"filename":"<frozen importlib._bootstrap>","lineno":488,"name":"_call_with_frames_removed"}],"is_group":false,"exceptions":[]}]}
{"timestamp":"2026-06-10T22:29:35.747133Z","level":"error","event":"Error loading DAG from etl_csv_to_postgres.py: expected 'except' or 'finally' block (etl_csv_to_postgres.py, line 67)","logger":"airflow.dag_processing.dagbag.BundleDagBag","filename":"dagbag.py","lineno":327}
{"timestamp":"2026-06-10T22:29:46.400024Z","level":"info","event":"Filling up the DagBag from /opt/airflow/dags/etl_csv_to_postgres.py","logger":"airflow.dag_processing.dagbag.BundleDagBag","filename":"dagbag.py","lineno":469}
{"timestamp":"2026-06-10T22:29:59.659117Z","level":"info","event":"Filling up the DagBag from /opt/airflow/dags/etl_csv_to_postgres.py","logger":"airflow.dag_processing.dagbag.BundleDagBag","filename":"dagbag.py","lineno":469}
{"timestamp":"2026-06-10T22:30:30.000975Z","level":"info","event":"Filling up the DagBag from /opt/airflow/dags/etl_csv_to_postgres.py","logger":"airflow.dag_processing.dagbag.BundleDagBag","filename":"dagbag.py","lineno":469}
{"timestamp":"2026-06-10T22:31:00.256932Z","level":"info","event":"Filling up the DagBag from /opt/airflow/dags/etl_csv_to_postgres.py","logger":"airflow.dag_processing.dagbag.BundleDagBag","filename":"dagbag.py","lineno":469}
{"timestamp":"2026-06-10T22:31:30.558406Z","level":"info","event":"Filling up the DagBag from /opt/airflow/dags/etl_csv_to_postgres.py","logger":"airflow.dag_processing.dagbag.BundleDagBag","filename":"dagbag.py","lineno":469}
{"timestamp":"2026-06-10T22:32:00.994547Z","level":"info","event":"Filling up the DagBag from /opt/airflow/dags/etl_csv_to_postgres.py","logger":"airflow.dag_processing.dagbag.BundleDagBag","filename":"dagbag.py","lineno":469}
{"timestamp":"2026-06-10T22:32:31.403879Z","level":"info","event":"Filling up the DagBag from /opt/airflow/dags/etl_csv_to_postgres.py","logger":"airflow.dag_processing.dagbag.BundleDagBag","filename":"dagbag.py","lineno":469}
{"timestamp":"2026-06-10T22:33:01.836169Z","level":"info","event":"Filling up the DagBag from /opt/airflow/dags/etl_csv_to_postgres.py","logger":"airflow.dag_processing.dagbag.BundleDagBag","filename":"dagbag.py","lineno":469}
{"timestamp":"2026-06-10T22:33:32.323750Z","level":"info","event":"Filling up the DagBag from /opt/airflow/dags/etl_csv_to_postgres.py","logger":"airflow.dag_processing.dagbag.BundleDagBag","filename":"dagbag.py","lineno":469}
{"timestamp":"2026-06-10T22:33:51.509830Z","level":"info","event":"Filling up the DagBag from /opt/airflow/dags/etl_csv_to_postgres.py","logger":"airflow.dag_processing.dagbag.BundleDagBag","filename":"dagbag.py","lineno":469}
{"timestamp":"2026-06-10T22:34:22.070200Z","level":"info","event":"Filling up the DagBag from /opt/airflow/dags/etl_csv_to_postgres.py","logger":"airflow.dag_processing.dagbag.BundleDagBag","filename":"dagbag.py","lineno":469}
{"timestamp":"2026-06-10T22:34:52.517275Z","level":"info","event":"Filling up the DagBag from /opt/airflow/dags/etl_csv_to_postgres.py","logger":"airflow.dag_processing.dagbag.BundleDagBag","filename":"dagbag.py","lineno":469}
{"timestamp":"2026-06-10T22:35:22.846220Z","level":"info","event":"Filling up the DagBag from /opt/airflow/dags/etl_csv_to_postgres.py","logger":"airflow.dag_processing.dagbag.BundleDagBag","filename":"dagbag.py","lineno":469}
{"timestamp":"2026-06-10T22:35:53.024926Z","level":"info","event":"Filling up the DagBag from /opt/airflow/dags/etl_csv_to_postgres.py","logger":"airflow.dag_processing.dagbag.BundleDagBag","filename":"dagbag.py","lineno":469}
{"timestamp":"2026-06-10T22:36:23.256983Z","level":"info","event":"Filling up the DagBag from /opt/airflow/dags/etl_csv_to_postgres.py","logger":"airflow.dag_processing.dagbag.BundleDagBag","filename":"dagbag.py","lineno":469}
{"timestamp":"2026-06-10T22:36:53.563949Z","level":"info","event":"Filling up the DagBag from /opt/airflow/dags/etl_csv_to_postgres.py","logger":"airflow.dag_processing.dagbag.BundleDagBag","filename":"dagbag.py","lineno":469}
{"timestamp":"2026-06-10T22:37:24.033998Z","level":"info","event":"Filling up the DagBag from /opt/airflow/dags/etl_csv_to_postgres.py","logger":"airflow.dag_processing.dagbag.BundleDagBag","filename":"dagbag.py","lineno":469}
{"timestamp":"2026-06-10T22:37:54.518535Z","level":"info","event":"Filling up the DagBag from /opt/airflow/dags/etl_csv_to_postgres.py","logger":"airflow.dag_processing.dagbag.BundleDagBag","filename":"dagbag.py","lineno":469}
{"timestamp":"2026-06-10T22:38:24.877057Z","level":"info","event":"Filling up the DagBag from /opt/airflow/dags/etl_csv_to_postgres.py","logger":"airflow.dag_processing.dagbag.BundleDagBag","filename":"dagbag.py","lineno":469}
{"timestamp":"2026-06-10T22:38:55.286912Z","level":"info","event":"Filling up the DagBag from /opt/airflow/dags/etl_csv_to_postgres.py","logger":"airflow.dag_processing.dagbag.BundleDagBag","filename":"dagbag.py","lineno":469}
{"timestamp":"2026-06-10T22:39:25.637313Z","level":"info","event":"Filling up the DagBag from /opt/airflow/dags/etl_csv_to_postgres.py","logger":"airflow.dag_processing.dagbag.BundleDagBag","filename":"dagbag.py","lineno":469}
{"timestamp":"2026-06-10T22:39:55.905087Z","level":"info","event":"Filling up the DagBag from /opt/airflow/dags/etl_csv_to_postgres.py","logger":"airflow.dag_processing.dagbag.BundleDagBag","filename":"dagbag.py","lineno":469}
{"timestamp":"2026-06-10T22:40:26.215574Z","level":"info","event":"Filling up the DagBag from /opt/airflow/dags/etl_csv_to_postgres.py","logger":"airflow.dag_processing.dagbag.BundleDagBag","filename":"dagbag.py","lineno":469}
{"timestamp":"2026-06-10T22:40:56.553504Z","level":"info","event":"Filling up the DagBag from /opt/airflow/dags/etl_csv_to_postgres.py","logger":"airflow.dag_processing.dagbag.BundleDagBag","filename":"dagbag.py","lineno":469}
{"timestamp":"2026-06-10T22:41:26.842911Z","level":"info","event":"Filling up the DagBag from /opt/airflow/dags/etl_csv_to_postgres.py","logger":"airflow.dag_processing.dagbag.BundleDagBag","filename":"dagbag.py","lineno":469}
{"timestamp":"2026-06-10T22:41:57.145118Z","level":"info","event":"Filling up the DagBag from /opt/airflow/dags/etl_csv_to_postgres.py","logger":"airflow.dag_processing.dagbag.BundleDagBag","filename":"dagbag.py","lineno":469}
{"timestamp":"2026-06-10T22:42:27.456327Z","level":"info","event":"Filling up the DagBag from /opt/airflow/dags/etl_csv_to_postgres.py","logger":"airflow.dag_processing.dagbag.BundleDagBag","filename":"dagbag.py","lineno":469}
{"timestamp":"2026-06-10T22:42:57.816793Z","level":"info","event":"Filling up the DagBag from /opt/airflow/dags/etl_csv_to_postgres.py","logger":"airflow.dag_processing.dagbag.BundleDagBag","filename":"dagbag.py","lineno":469}
{"timestamp":"2026-06-10T22:43:28.056191Z","level":"info","event":"Filling up the DagBag from /opt/airflow/dags/etl_csv_to_postgres.py","logger":"airflow.dag_processing.dagbag.BundleDagBag","filename":"dagbag.py","lineno":469}
{"timestamp":"2026-06-10T22:43:59.345243Z","level":"info","event":"Filling up the DagBag from /opt/airflow/dags/etl_csv_to_postgres.py","logger":"airflow.dag_processing.dagbag.BundleDagBag","filename":"dagbag.py","lineno":469}
{"timestamp":"2026-06-10T22:44:30.345851Z","level":"info","event":"Filling up the DagBag from /opt/airflow/dags/etl_csv_to_postgres.py","logger":"airflow.dag_processing.dagbag.BundleDagBag","filename":"dagbag.py","lineno":469}
{"timestamp":"2026-06-10T22:45:01.513891Z","level":"info","event":"Filling up the DagBag from /opt/airflow/dags/etl_csv_to_postgres.py","logger":"airflow.dag_processing.dagbag.BundleDagBag","filename":"dagbag.py","lineno":469}
{"timestamp":"2026-06-10T22:45:31.890939Z","level":"info","event":"Filling up the DagBag from /opt/airflow/dags/etl_csv_to_postgres.py","logger":"airflow.dag_processing.dagbag.BundleDagBag","filename":"dagbag.py","lineno":469}
{"timestamp":"2026-06-10T22:46:02.139669Z","level":"info","event":"Filling up the DagBag from /opt/airflow/dags/etl_csv_to_postgres.py","logger":"airflow.dag_processing.dagbag.BundleDagBag","filename":"dagbag.py","lineno":469}
{"timestamp":"2026-06-10T22:46:32.429117Z","level":"info","event":"Filling up the DagBag from /opt/airflow/dags/etl_csv_to_postgres.py","logger":"airflow.dag_processing.dagbag.BundleDagBag","filename":"dagbag.py","lineno":469}
{"timestamp":"2026-06-10T22:47:02.575989Z","level":"info","event":"Filling up the DagBag from /opt/airflow/dags/etl_csv_to_postgres.py","logger":"airflow.dag_processing.dagbag.BundleDagBag","filename":"dagbag.py","lineno":469}
{"timestamp":"2026-06-10T22:47:32.774791Z","level":"info","event":"Filling up the DagBag from /opt/airflow/dags/etl_csv_to_postgres.py","logger":"airflow.dag_processing.dagbag.BundleDagBag","filename":"dagbag.py","lineno":469}
{"timestamp":"2026-06-10T22:48:03.019007Z","level":"info","event":"Filling up the DagBag from /opt/airflow/dags/etl_csv_to_postgres.py","logger":"airflow.dag_processing.dagbag.BundleDagBag","filename":"dagbag.py","lineno":469}
{"timestamp":"2026-06-10T22:48:33.101090Z","level":"info","event":"Filling up the DagBag from /opt/airflow/dags/etl_csv_to_postgres.py","logger":"airflow.dag_processing.dagbag.BundleDagBag","filename":"dagbag.py","lineno":469}
{"timestamp":"2026-06-10T22:49:03.877575Z","level":"info","event":"Filling up the DagBag from /opt/airflow/dags/etl_csv_to_postgres.py","logger":"airflow.dag_processing.dagbag.BundleDagBag","filename":"dagbag.py","lineno":469}
{"timestamp":"2026-06-10T22:49:33.987171Z","level":"info","event":"Filling up the DagBag from /opt/airflow/dags/etl_csv_to_postgres.py","logger":"airflow.dag_processing.dagbag.BundleDagBag","filename":"dagbag.py","lineno":469}
{"timestamp":"2026-06-10T22:50:04.187159Z","level":"info","event":"Filling up the DagBag from /opt/airflow/dags/etl_csv_to_postgres.py","logger":"airflow.dag_processing.dagbag.BundleDagBag","filename":"dagbag.py","lineno":469}
{"timestamp":"2026-06-10T22:50:34.524966Z","level":"info","event":"Filling up the DagBag from /opt/airflow/dags/etl_csv_to_postgres.py","logger":"airflow.dag_processing.dagbag.BundleDagBag","filename":"dagbag.py","lineno":469}
{"timestamp":"2026-06-10T22:51:04.959535Z","level":"info","event":"Filling up the DagBag from /opt/airflow/dags/etl_csv_to_postgres.py","logger":"airflow.dag_processing.dagbag.BundleDagBag","filename":"dagbag.py","lineno":469}
{"timestamp":"2026-06-10T22:51:35.358473Z","level":"info","event":"Filling up the DagBag from /opt/airflow/dags/etl_csv_to_postgres.py","logger":"airflow.dag_processing.dagbag.BundleDagBag","filename":"dagbag.py","lineno":469}
{"timestamp":"2026-06-10T22:52:05.796648Z","level":"info","event":"Filling up the DagBag from /opt/airflow/dags/etl_csv_to_postgres.py","logger":"airflow.dag_processing.dagbag.BundleDagBag","filename":"dagbag.py","lineno":469}
{"timestamp":"2026-06-10T22:52:35.897393Z","level":"info","event":"Filling up the DagBag from /opt/airflow/dags/etl_csv_to_postgres.py","logger":"airflow.dag_processing.dagbag.BundleDagBag","filename":"dagbag.py","lineno":469}
{"timestamp":"2026-06-10T22:53:06.022511Z","level":"info","event":"Filling up the DagBag from /opt/airflow/dags/etl_csv_to_postgres.py","logger":"airflow.dag_processing.dagbag.BundleDagBag","filename":"dagbag.py","lineno":469}
{"timestamp":"2026-06-10T22:53:36.475719Z","level":"info","event":"Filling up the DagBag from /opt/airflow/dags/etl_csv_to_postgres.py","logger":"airflow.dag_processing.dagbag.BundleDagBag","filename":"dagbag.py","lineno":469}
{"timestamp":"2026-06-10T22:54:06.877008Z","level":"info","event":"Filling up the DagBag from /opt/airflow/dags/etl_csv_to_postgres.py","logger":"airflow.dag_processing.dagbag.BundleDagBag","filename":"dagbag.py","lineno":469}
{"timestamp":"2026-06-10T22:54:37.291626Z","level":"info","event":"Filling up the DagBag from /opt/airflow/dags/etl_csv_to_postgres.py","logger":"airflow.dag_processing.dagbag.BundleDagBag","filename":"dagbag.py","lineno":469}
{"timestamp":"2026-06-10T22:55:07.715922Z","level":"info","event":"Filling up the DagBag from /opt/airflow/dags/etl_csv_to_postgres.py","logger":"airflow.dag_processing.dagbag.BundleDagBag","filename":"dagbag.py","lineno":469}
{"timestamp":"2026-06-10T22:55:38.185817Z","level":"info","event":"Filling up the DagBag from /opt/airflow/dags/etl_csv_to_postgres.py","logger":"airflow.dag_processing.dagbag.BundleDagBag","filename":"dagbag.py","lineno":469}
{"timestamp":"2026-06-10T22:56:08.519570Z","level":"info","event":"Filling up the DagBag from /opt/airflow/dags/etl_csv_to_postgres.py","logger":"airflow.dag_processing.dagbag.BundleDagBag","filename":"dagbag.py","lineno":469}
{"timestamp":"2026-06-10T22:56:38.924047Z","level":"info","event":"Filling up the DagBag from /opt/airflow/dags/etl_csv_to_postgres.py","logger":"airflow.dag_processing.dagbag.BundleDagBag","filename":"dagbag.py","lineno":469}
{"timestamp":"2026-06-10T22:57:09.235995Z","level":"info","event":"Filling up the DagBag from /opt/airflow/dags/etl_csv_to_postgres.py","logger":"airflow.dag_processing.dagbag.BundleDagBag","filename":"dagbag.py","lineno":469}
{"timestamp":"2026-06-10T22:57:39.505713Z","level":"info","event":"Filling up the DagBag from /opt/airflow/dags/etl_csv_to_postgres.py","logger":"airflow.dag_processing.dagbag.BundleDagBag","filename":"dagbag.py","lineno":469}
{"timestamp":"2026-06-10T22:58:09.852121Z","level":"info","event":"Filling up the DagBag from /opt/airflow/dags/etl_csv_to_postgres.py","logger":"airflow.dag_processing.dagbag.BundleDagBag","filename":"dagbag.py","lineno":469}
{"timestamp":"2026-06-10T22:58:40.333368Z","level":"info","event":"Filling up the DagBag from /opt/airflow/dags/etl_csv_to_postgres.py","logger":"airflow.dag_processing.dagbag.BundleDagBag","filename":"dagbag.py","lineno":469}
{"timestamp":"2026-06-10T22:59:10.799631Z","level":"info","event":"Filling up the DagBag from /opt/airflow/dags/etl_csv_to_postgres.py","logger":"airflow.dag_processing.dagbag.BundleDagBag","filename":"dagbag.py","lineno":469}
{"timestamp":"2026-06-10T22:59:41.129357Z","level":"info","event":"Filling up the DagBag from /opt/airflow/dags/etl_csv_to_postgres.py","logger":"airflow.dag_processing.dagbag.BundleDagBag","filename":"dagbag.py","lineno":469}
{"timestamp":"2026-06-10T23:00:11.500357Z","level":"info","event":"Filling up the DagBag from /opt/airflow/dags/etl_csv_to_postgres.py","logger":"airflow.dag_processing.dagbag.BundleDagBag","filename":"dagbag.py","lineno":469}
{"timestamp":"2026-06-10T23:00:41.923690Z","level":"info","event":"Filling up the DagBag from /opt/airflow/dags/etl_csv_to_postgres.py","logger":"airflow.dag_processing.dagbag.BundleDagBag","filename":"dagbag.py","lineno":469}
{"timestamp":"2026-06-10T23:01:12.352719Z","level":"info","event":"Filling up the DagBag from /opt/airflow/dags/etl_csv_to_postgres.py","logger":"airflow.dag_processing.dagbag.BundleDagBag","filename":"dagbag.py","lineno":469}
{"timestamp":"2026-06-10T23:01:42.507554Z","level":"info","event":"Filling up the DagBag from /opt/airflow/dags/etl_csv_to_postgres.py","logger":"airflow.dag_processing.dagbag.BundleDagBag","filename":"dagbag.py","lineno":469}
{"timestamp":"2026-06-10T23:02:12.777710Z","level":"info","event":"Filling up the DagBag from /opt/airflow/dags/etl_csv_to_postgres.py","logger":"airflow.dag_processing.dagbag.BundleDagBag","filename":"dagbag.py","lineno":469}
{"timestamp":"2026-06-10T23:02:43.164205Z","level":"info","event":"Filling up the DagBag from /opt/airflow/dags/etl_csv_to_postgres.py","logger":"airflow.dag_processing.dagbag.BundleDagBag","filename":"dagbag.py","lineno":469}
{"timestamp":"2026-06-10T23:03:13.542808Z","level":"info","event":"Filling up the DagBag from /opt/airflow/dags/etl_csv_to_postgres.py","logger":"airflow.dag_processing.dagbag.BundleDagBag","filename":"dagbag.py","lineno":469}
{"timestamp":"2026-06-10T23:03:43.886428Z","level":"info","event":"Filling up the DagBag from /opt/airflow/dags/etl_csv_to_postgres.py","logger":"airflow.dag_processing.dagbag.BundleDagBag","filename":"dagbag.py","lineno":469}
{"timestamp":"2026-06-10T23:04:14.312379Z","level":"info","event":"Filling up the DagBag from /opt/airflow/dags/etl_csv_to_postgres.py","logger":"airflow.dag_processing.dagbag.BundleDagBag","filename":"dagbag.py","lineno":469}
{"timestamp":"2026-06-10T23:04:44.745443Z","level":"info","event":"Filling up the DagBag from /opt/airflow/dags/etl_csv_to_postgres.py","logger":"airflow.dag_processing.dagbag.BundleDagBag","filename":"dagbag.py","lineno":469}
{"timestamp":"2026-06-10T23:05:15.214911Z","level":"info","event":"Filling up the DagBag from /opt/airflow/dags/etl_csv_to_postgres.py","logger":"airflow.dag_processing.dagbag.BundleDagBag","filename":"dagbag.py","lineno":469}
{"timestamp":"2026-06-10T23:05:45.563724Z","level":"info","event":"Filling up the DagBag from /opt/airflow/dags/etl_csv_to_postgres.py","logger":"airflow.dag_processing.dagbag.BundleDagBag","filename":"dagbag.py","lineno":469}
{"timestamp":"2026-06-10T23:06:15.832899Z","level":"info","event":"Filling up the DagBag from /opt/airflow/dags/etl_csv_to_postgres.py","logger":"airflow.dag_processing.dagbag.BundleDagBag","filename":"dagbag.py","lineno":469}
{"timestamp":"2026-06-10T23:06:45.986123Z","level":"info","event":"Filling up the DagBag from /opt/airflow/dags/etl_csv_to_postgres.py","logger":"airflow.dag_processing.dagbag.BundleDagBag","filename":"dagbag.py","lineno":469}
{"timestamp":"2026-06-10T23:07:16.193998Z","level":"info","event":"Filling up the DagBag from /opt/airflow/dags/etl_csv_to_postgres.py","logger":"airflow.dag_processing.dagbag.BundleDagBag","filename":"dagbag.py","lineno":469}
{"timestamp":"2026-06-10T23:07:46.425380Z","level":"info","event":"Filling up the DagBag from /opt/airflow/dags/etl_csv_to_postgres.py","logger":"airflow.dag_processing.dagbag.BundleDagBag","filename":"dagbag.py","lineno":469}
{"timestamp":"2026-06-10T23:08:17.092646Z","level":"info","event":"Filling up the DagBag from /opt/airflow/dags/etl_csv_to_postgres.py","logger":"airflow.dag_processing.dagbag.BundleDagBag","filename":"dagbag.py","lineno":469}
{"timestamp":"2026-06-10T23:08:47.375581Z","level":"info","event":"Filling up the DagBag from /opt/airflow/dags/etl_csv_to_postgres.py","logger":"airflow.dag_processing.dagbag.BundleDagBag","filename":"dagbag.py","lineno":469}
{"timestamp":"2026-06-10T23:09:17.646933Z","level":"info","event":"Filling up the DagBag from /opt/airflow/dags/etl_csv_to_postgres.py","logger":"airflow.dag_processing.dagbag.BundleDagBag","filename":"dagbag.py","lineno":469}
{"timestamp":"2026-06-10T23:09:47.715235Z","level":"info","event":"Filling up the DagBag from /opt/airflow/dags/etl_csv_to_postgres.py","logger":"airflow.dag_processing.dagbag.BundleDagBag","filename":"dagbag.py","lineno":469}
{"timestamp":"2026-06-10T23:10:17.853242Z","level":"info","event":"Filling up the DagBag from /opt/airflow/dags/etl_csv_to_postgres.py","logger":"airflow.dag_processing.dagbag.BundleDagBag","filename":"dagbag.py","lineno":469}
{"timestamp":"2026-06-10T23:10:48.843533Z","level":"info","event":"Filling up the DagBag from /opt/airflow/dags/etl_csv_to_postgres.py","logger":"airflow.dag_processing.dagbag.BundleDagBag","filename":"dagbag.py","lineno":469}
{"timestamp":"2026-06-10T23:11:19.905114Z","level":"info","event":"Filling up the DagBag from /opt/airflow/dags/etl_csv_to_postgres.py","logger":"airflow.dag_processing.dagbag.BundleDagBag","filename":"dagbag.py","lineno":469}
{"timestamp":"2026-06-10T23:11:50.080665Z","level":"info","event":"Filling up the DagBag from /opt/airflow/dags/etl_csv_to_postgres.py","logger":"airflow.dag_processing.dagbag.BundleDagBag","filename":"dagbag.py","lineno":469}
{"timestamp":"2026-06-10T23:12:20.177100Z","level":"info","event":"Filling up the DagBag from /opt/airflow/dags/etl_csv_to_postgres.py","logger":"airflow.dag_processing.dagbag.BundleDagBag","filename":"dagbag.py","lineno":469}
{"timestamp":"2026-06-10T23:12:50.477466Z","level":"info","event":"Filling up the DagBag from /opt/airflow/dags/etl_csv_to_postgres.py","logger":"airflow.dag_processing.dagbag.BundleDagBag","filename":"dagbag.py","lineno":469}
{"timestamp":"2026-06-10T23:13:20.716693Z","level":"info","event":"Filling up the DagBag from /opt/airflow/dags/etl_csv_to_postgres.py","logger":"airflow.dag_processing.dagbag.BundleDagBag","filename":"dagbag.py","lineno":469}
{"timestamp":"2026-06-10T23:13:50.944660Z","level":"info","event":"Filling up the DagBag from /opt/airflow/dags/etl_csv_to_postgres.py","logger":"airflow.dag_processing.dagbag.BundleDagBag","filename":"dagbag.py","lineno":469}
{"timestamp":"2026-06-10T23:14:21.140064Z","level":"info","event":"Filling up the DagBag from /opt/airflow/dags/etl_csv_to_postgres.py","logger":"airflow.dag_processing.dagbag.BundleDagBag","filename":"dagbag.py","lineno":469}
{"timestamp":"2026-06-10T23:14:51.219536Z","level":"info","event":"Filling up the DagBag from /opt/airflow/dags/etl_csv_to_postgres.py","logger":"airflow.dag_processing.dagbag.BundleDagBag","filename":"dagbag.py","lineno":469}
{"timestamp":"2026-06-10T23:15:21.304752Z","level":"info","event":"Filling up the DagBag from /opt/airflow/dags/etl_csv_to_postgres.py","logger":"airflow.dag_processing.dagbag.BundleDagBag","filename":"dagbag.py","lineno":469}
{"timestamp":"2026-06-10T23:15:52.329593Z","level":"info","event":"Filling up the DagBag from /opt/airflow/dags/etl_csv_to_postgres.py","logger":"airflow.dag_processing.dagbag.BundleDagBag","filename":"dagbag.py","lineno":469}
{"timestamp":"2026-06-10T23:16:22.422207Z","level":"info","event":"Filling up the DagBag from /opt/airflow/dags/etl_csv_to_postgres.py","logger":"airflow.dag_processing.dagbag.BundleDagBag","filename":"dagbag.py","lineno":469}
{"timestamp":"2026-06-10T23:16:53.450190Z","level":"info","event":"Filling up the DagBag from /opt/airflow/dags/etl_csv_to_postgres.py","logger":"airflow.dag_processing.dagbag.BundleDagBag","filename":"dagbag.py","lineno":469}
{"timestamp":"2026-06-10T23:17:23.507747Z","level":"info","event":"Filling up the DagBag from /opt/airflow/dags/etl_csv_to_postgres.py","logger":"airflow.dag_processing.dagbag.BundleDagBag","filename":"dagbag.py","lineno":469}
{"timestamp":"2026-06-10T23:17:53.579374Z","level":"info","event":"Filling up the DagBag from /opt/airflow/dags/etl_csv_to_postgres.py","logger":"airflow.dag_processing.dagbag.BundleDagBag","filename":"dagbag.py","lineno":469}
{"timestamp":"2026-06-10T23:18:24.467202Z","level":"info","event":"Filling up the DagBag from /opt/airflow/dags/etl_csv_to_postgres.py","logger":"airflow.dag_processing.dagbag.BundleDagBag","filename":"dagbag.py","lineno":469}
{"timestamp":"2026-06-10T23:18:54.562652Z","level":"info","event":"Filling up the DagBag from /opt/airflow/dags/etl_csv_to_postgres.py","logger":"airflow.dag_processing.dagbag.BundleDagBag","filename":"dagbag.py","lineno":469}
{"timestamp":"2026-06-10T23:19:24.644083Z","level":"info","event":"Filling up the DagBag from /opt/airflow/dags/etl_csv_to_postgres.py","logger":"airflow.dag_processing.dagbag.BundleDagBag","filename":"dagbag.py","lineno":469}
{"timestamp":"2026-06-10T23:19:54.833920Z","level":"info","event":"Filling up the DagBag from /opt/airflow/dags/etl_csv_to_postgres.py","logger":"airflow.dag_processing.dagbag.BundleDagBag","filename":"dagbag.py","lineno":469}
{"timestamp":"2026-06-10T23:20:24.990538Z","level":"info","event":"Filling up the DagBag from /opt/airflow/dags/etl_csv_to_postgres.py","logger":"airflow.dag_processing.dagbag.BundleDagBag","filename":"dagbag.py","lineno":469}
{"timestamp":"2026-06-10T23:20:55.299042Z","level":"info","event":"Filling up the DagBag from /opt/airflow/dags/etl_csv_to_postgres.py","logger":"airflow.dag_processing.dagbag.BundleDagBag","filename":"dagbag.py","lineno":469}
{"timestamp":"2026-06-10T23:21:25.591172Z","level":"info","event":"Filling up the DagBag from /opt/airflow/dags/etl_csv_to_postgres.py","logger":"airflow.dag_processing.dagbag.BundleDagBag","filename":"dagbag.py","lineno":469}
{"timestamp":"2026-06-10T23:21:55.871718Z","level":"info","event":"Filling up the DagBag from /opt/airflow/dags/etl_csv_to_postgres.py","logger":"airflow.dag_processing.dagbag.BundleDagBag","filename":"dagbag.py","lineno":469}
{"timestamp":"2026-06-10T23:22:26.094654Z","level":"info","event":"Filling up the DagBag from /opt/airflow/dags/etl_csv_to_postgres.py","logger":"airflow.dag_processing.dagbag.BundleDagBag","filename":"dagbag.py","lineno":469}
{"timestamp":"2026-06-10T23:22:56.396479Z","level":"info","event":"Filling up the DagBag from /opt/airflow/dags/etl_csv_to_postgres.py","logger":"airflow.dag_processing.dagbag.BundleDagBag","filename":"dagbag.py","lineno":469}
{"timestamp":"2026-06-10T23:23:26.583717Z","level":"info","event":"Filling up the DagBag from /opt/airflow/dags/etl_csv_to_postgres.py","logger":"airflow.dag_processing.dagbag.BundleDagBag","filename":"dagbag.py","lineno":469}
{"timestamp":"2026-06-10T23:23:56.914339Z","level":"info","event":"Filling up the DagBag from /opt/airflow/dags/etl_csv_to_postgres.py","logger":"airflow.dag_processing.dagbag.BundleDagBag","filename":"dagbag.py","lineno":469}
{"timestamp":"2026-06-10T23:24:27.188609Z","level":"info","event":"Filling up the DagBag from /opt/airflow/dags/etl_csv_to_postgres.py","logger":"airflow.dag_processing.dagbag.BundleDagBag","filename":"dagbag.py","lineno":469}
{"timestamp":"2026-06-10T23:24:57.384811Z","level":"info","event":"Filling up the DagBag from /opt/airflow/dags/etl_csv_to_postgres.py","logger":"airflow.dag_processing.dagbag.BundleDagBag","filename":"dagbag.py","lineno":469}
{"timestamp":"2026-06-10T23:25:27.702593Z","level":"info","event":"Filling up the DagBag from /opt/airflow/dags/etl_csv_to_postgres.py","logger":"airflow.dag_processing.dagbag.BundleDagBag","filename":"dagbag.py","lineno":469}
{"timestamp":"2026-06-10T23:25:58.113022Z","level":"info","event":"Filling up the DagBag from /opt/airflow/dags/etl_csv_to_postgres.py","logger":"airflow.dag_processing.dagbag.BundleDagBag","filename":"dagbag.py","lineno":469}
{"timestamp":"2026-06-10T23:26:28.476284Z","level":"info","event":"Filling up the DagBag from /opt/airflow/dags/etl_csv_to_postgres.py","logger":"airflow.dag_processing.dagbag.BundleDagBag","filename":"dagbag.py","lineno":469}
{"timestamp":"2026-06-10T23:26:59.470434Z","level":"info","event":"Filling up the DagBag from /opt/airflow/dags/etl_csv_to_postgres.py","logger":"airflow.dag_processing.dagbag.BundleDagBag","filename":"dagbag.py","lineno":469}
{"timestamp":"2026-06-10T23:27:30.404692Z","level":"info","event":"Filling up the DagBag from /opt/airflow/dags/etl_csv_to_postgres.py","logger":"airflow.dag_processing.dagbag.BundleDagBag","filename":"dagbag.py","lineno":469}
{"timestamp":"2026-06-10T23:28:00.442164Z","level":"info","event":"Filling up the DagBag from /opt/airflow/dags/etl_csv_to_postgres.py","logger":"airflow.dag_processing.dagbag.BundleDagBag","filename":"dagbag.py","lineno":469}
{"timestamp":"2026-06-10T23:28:30.624859Z","level":"info","event":"Filling up the DagBag from /opt/airflow/dags/etl_csv_to_postgres.py","logger":"airflow.dag_processing.dagbag.BundleDagBag","filename":"dagbag.py","lineno":469}
{"timestamp":"2026-06-10T23:29:00.780310Z","level":"info","event":"Filling up the DagBag from /opt/airflow/dags/etl_csv_to_postgres.py","logger":"airflow.dag_processing.dagbag.BundleDagBag","filename":"dagbag.py","lineno":469}
{"timestamp":"2026-06-10T23:29:31.072088Z","level":"info","event":"Filling up the DagBag from /opt/airflow/dags/etl_csv_to_postgres.py","logger":"airflow.dag_processing.dagbag.BundleDagBag","filename":"dagbag.py","lineno":469}
{"timestamp":"2026-06-10T23:30:01.352422Z","level":"info","event":"Filling up the DagBag from /opt/airflow/dags/etl_csv_to_postgres.py","logger":"airflow.dag_processing.dagbag.BundleDagBag","filename":"dagbag.py","lineno":469}
{"timestamp":"2026-06-10T23:30:31.552379Z","level":"info","event":"Filling up the DagBag from /opt/airflow/dags/etl_csv_to_postgres.py","logger":"airflow.dag_processing.dagbag.BundleDagBag","filename":"dagbag.py","lineno":469}
{"timestamp":"2026-06-10T23:31:01.729839Z","level":"info","event":"Filling up the DagBag from /opt/airflow/dags/etl_csv_to_postgres.py","logger":"airflow.dag_processing.dagbag.BundleDagBag","filename":"dagbag.py","lineno":469}
{"timestamp":"2026-06-10T23:31:31.937107Z","level":"info","event":"Filling up the DagBag from /opt/airflow/dags/etl_csv_to_postgres.py","logger":"airflow.dag_processing.dagbag.BundleDagBag","filename":"dagbag.py","lineno":469}
{"timestamp":"2026-06-10T23:32:02.240382Z","level":"info","event":"Filling up the DagBag from /opt/airflow/dags/etl_csv_to_postgres.py","logger":"airflow.dag_processing.dagbag.BundleDagBag","filename":"dagbag.py","lineno":469}
{"timestamp":"2026-06-10T23:32:32.441958Z","level":"info","event":"Filling up the DagBag from /opt/airflow/dags/etl_csv_to_postgres.py","logger":"airflow.dag_processing.dagbag.BundleDagBag","filename":"dagbag.py","lineno":469}
{"timestamp":"2026-06-10T23:33:02.647833Z","level":"info","event":"Filling up the DagBag from /opt/airflow/dags/etl_csv_to_postgres.py","logger":"airflow.dag_processing.dagbag.BundleDagBag","filename":"dagbag.py","lineno":469}
{"timestamp":"2026-06-10T23:33:32.826490Z","level":"info","event":"Filling up the DagBag from /opt/airflow/dags/etl_csv_to_postgres.py","logger":"airflow.dag_processing.dagbag.BundleDagBag","filename":"dagbag.py","lineno":469}
{"timestamp":"2026-06-10T23:34:03.092687Z","level":"info","event":"Filling up the DagBag from /opt/airflow/dags/etl_csv_to_postgres.py","logger":"airflow.dag_processing.dagbag.BundleDagBag","filename":"dagbag.py","lineno":469}
{"timestamp":"2026-06-10T23:34:33.277044Z","level":"info","event":"Filling up the DagBag from /opt/airflow/dags/etl_csv_to_postgres.py","logger":"airflow.dag_processing.dagbag.BundleDagBag","filename":"dagbag.py","lineno":469}
{"timestamp":"2026-06-10T23:35:03.588537Z","level":"info","event":"Filling up the DagBag from /opt/airflow/dags/etl_csv_to_postgres.py","logger":"airflow.dag_processing.dagbag.BundleDagBag","filename":"dagbag.py","lineno":469}
{"timestamp":"2026-06-10T23:35:33.659086Z","level":"info","event":"Filling up the DagBag from /opt/airflow/dags/etl_csv_to_postgres.py","logger":"airflow.dag_processing.dagbag.BundleDagBag","filename":"dagbag.py","lineno":469}
{"timestamp":"2026-06-10T23:36:03.702247Z","level":"info","event":"Filling up the DagBag from /opt/airflow/dags/etl_csv_to_postgres.py","logger":"airflow.dag_processing.dagbag.BundleDagBag","filename":"dagbag.py","lineno":469}
{"timestamp":"2026-06-10T23:36:33.885683Z","level":"info","event":"Filling up the DagBag from /opt/airflow/dags/etl_csv_to_postgres.py","logger":"airflow.dag_processing.dagbag.BundleDagBag","filename":"dagbag.py","lineno":469}
{"timestamp":"2026-06-10T23:37:04.090224Z","level":"info","event":"Filling up the DagBag from /opt/airflow/dags/etl_csv_to_postgres.py","logger":"airflow.dag_processing.dagbag.BundleDagBag","filename":"dagbag.py","lineno":469}
{"timestamp":"2026-06-10T23:37:34.380663Z","level":"info","event":"Filling up the DagBag from /opt/airflow/dags/etl_csv_to_postgres.py","logger":"airflow.dag_processing.dagbag.BundleDagBag","filename":"dagbag.py","lineno":469}
{"timestamp":"2026-06-10T23:38:04.746072Z","level":"info","event":"Filling up the DagBag from /opt/airflow/dags/etl_csv_to_postgres.py","logger":"airflow.dag_processing.dagbag.BundleDagBag","filename":"dagbag.py","lineno":469}
{"timestamp":"2026-06-10T23:38:35.056386Z","level":"info","event":"Filling up the DagBag from /opt/airflow/dags/etl_csv_to_postgres.py","logger":"airflow.dag_processing.dagbag.BundleDagBag","filename":"dagbag.py","lineno":469}
{"timestamp":"2026-06-10T23:39:05.478110Z","level":"info","event":"Filling up the DagBag from /opt/airflow/dags/etl_csv_to_postgres.py","logger":"airflow.dag_processing.dagbag.BundleDagBag","filename":"dagbag.py","lineno":469}
{"timestamp":"2026-06-10T23:39:35.914783Z","level":"info","event":"Filling up the DagBag from /opt/airflow/dags/etl_csv_to_postgres.py","logger":"airflow.dag_processing.dagbag.BundleDagBag","filename":"dagbag.py","lineno":469}
{"timestamp":"2026-06-10T23:40:06.382507Z","level":"info","event":"Filling up the DagBag from /opt/airflow/dags/etl_csv_to_postgres.py","logger":"airflow.dag_processing.dagbag.BundleDagBag","filename":"dagbag.py","lineno":469}
{"timestamp":"2026-06-10T23:40:36.816916Z","level":"info","event":"Filling up the DagBag from /opt/airflow/dags/etl_csv_to_postgres.py","logger":"airflow.dag_processing.dagbag.BundleDagBag","filename":"dagbag.py","lineno":469}
{"timestamp":"2026-06-10T23:41:07.239191Z","level":"info","event":"Filling up the DagBag from /opt/airflow/dags/etl_csv_to_postgres.py","logger":"airflow.dag_processing.dagbag.BundleDagBag","filename":"dagbag.py","lineno":469}
{"timestamp":"2026-06-10T23:41:37.782787Z","level":"info","event":"Filling up the DagBag from /opt/airflow/dags/etl_csv_to_postgres.py","logger":"airflow.dag_processing.dagbag.BundleDagBag","filename":"dagbag.py","lineno":469}
{"timestamp":"2026-06-10T23:42:08.356317Z","level":"info","event":"Filling up the DagBag from /opt/airflow/dags/etl_csv_to_postgres.py","logger":"airflow.dag_processing.dagbag.BundleDagBag","filename":"dagbag.py","lineno":469}
{"timestamp":"2026-06-10T23:42:38.783287Z","level":"info","event":"Filling up the DagBag from /opt/airflow/dags/etl_csv_to_postgres.py","logger":"airflow.dag_processing.dagbag.BundleDagBag","filename":"dagbag.py","lineno":469}
{"timestamp":"2026-06-10T23:43:09.159256Z","level":"info","event":"Filling up the DagBag from /opt/airflow/dags/etl_csv_to_postgres.py","logger":"airflow.dag_processing.dagbag.BundleDagBag","filename":"dagbag.py","lineno":469}
{"timestamp":"2026-06-10T23:43:39.435623Z","level":"info","event":"Filling up the DagBag from /opt/airflow/dags/etl_csv_to_postgres.py","logger":"airflow.dag_processing.dagbag.BundleDagBag","filename":"dagbag.py","lineno":469}
{"timestamp":"2026-06-10T23:44:09.582016Z","level":"info","event":"Filling up the DagBag from /opt/airflow/dags/etl_csv_to_postgres.py","logger":"airflow.dag_processing.dagbag.BundleDagBag","filename":"dagbag.py","lineno":469}
{"timestamp":"2026-06-10T23:44:39.690200Z","level":"info","event":"Filling up the DagBag from /opt/airflow/dags/etl_csv_to_postgres.py","logger":"airflow.dag_processing.dagbag.BundleDagBag","filename":"dagbag.py","lineno":469}
{"timestamp":"2026-06-10T23:45:10.132473Z","level":"info","event":"Filling up the DagBag from /opt/airflow/dags/etl_csv_to_postgres.py","logger":"airflow.dag_processing.dagbag.BundleDagBag","filename":"dagbag.py","lineno":469}
{"timestamp":"2026-06-10T23:45:40.423457Z","level":"info","event":"Filling up the DagBag from /opt/airflow/dags/etl_csv_to_postgres.py","logger":"airflow.dag_processing.dagbag.BundleDagBag","filename":"dagbag.py","lineno":469}
{"timestamp":"2026-06-10T23:46:10.687000Z","level":"info","event":"Filling up the DagBag from /opt/airflow/dags/etl_csv_to_postgres.py","logger":"airflow.dag_processing.dagbag.BundleDagBag","filename":"dagbag.py","lineno":469}
{"timestamp":"2026-06-10T23:46:41.033200Z","level":"info","event":"Filling up the DagBag from /opt/airflow/dags/etl_csv_to_postgres.py","logger":"airflow.dag_processing.dagbag.BundleDagBag","filename":"dagbag.py","lineno":469}
{"timestamp":"2026-06-10T23:47:11.395693Z","level":"info","event":"Filling up the DagBag from /opt/airflow/dags/etl_csv_to_postgres.py","logger":"airflow.dag_processing.dagbag.BundleDagBag","filename":"dagbag.py","lineno":469}
{"timestamp":"2026-06-10T23:47:41.787771Z","level":"info","event":"Filling up the DagBag from /opt/airflow/dags/etl_csv_to_postgres.py","logger":"airflow.dag_processing.dagbag.BundleDagBag","filename":"dagbag.py","lineno":469}
{"timestamp":"2026-06-10T23:48:12.180996Z","level":"info","event":"Filling up the DagBag from /opt/airflow/dags/etl_csv_to_postgres.py","logger":"airflow.dag_processing.dagbag.BundleDagBag","filename":"dagbag.py","lineno":469}
{"timestamp":"2026-06-10T23:48:42.534155Z","level":"info","event":"Filling up the DagBag from /opt/airflow/dags/etl_csv_to_postgres.py","logger":"airflow.dag_processing.dagbag.BundleDagBag","filename":"dagbag.py","lineno":469}
{"timestamp":"2026-06-10T23:49:12.845689Z","level":"info","event":"Filling up the DagBag from /opt/airflow/dags/etl_csv_to_postgres.py","logger":"airflow.dag_processing.dagbag.BundleDagBag","filename":"dagbag.py","lineno":469}
{"timestamp":"2026-06-10T23:49:43.099501Z","level":"info","event":"Filling up the DagBag from /opt/airflow/dags/etl_csv_to_postgres.py","logger":"airflow.dag_processing.dagbag.BundleDagBag","filename":"dagbag.py","lineno":469}
{"timestamp":"2026-06-10T23:50:13.636415Z","level":"info","event":"Filling up the DagBag from /opt/airflow/dags/etl_csv_to_postgres.py","logger":"airflow.dag_processing.dagbag.BundleDagBag","filename":"dagbag.py","lineno":469}
{"timestamp":"2026-06-10T23:50:44.070936Z","level":"info","event":"Filling up the DagBag from /opt/airflow/dags/etl_csv_to_postgres.py","logger":"airflow.dag_processing.dagbag.BundleDagBag","filename":"dagbag.py","lineno":469}
{"timestamp":"2026-06-10T23:51:14.367561Z","level":"info","event":"Filling up the DagBag from /opt/airflow/dags/etl_csv_to_postgres.py","logger":"airflow.dag_processing.dagbag.BundleDagBag","filename":"dagbag.py","lineno":469}
{"timestamp":"2026-06-10T23:51:44.647423Z","level":"info","event":"Filling up the DagBag from /opt/airflow/dags/etl_csv_to_postgres.py","logger":"airflow.dag_processing.dagbag.BundleDagBag","filename":"dagbag.py","lineno":469}
{"timestamp":"2026-06-10T23:52:14.864693Z","level":"info","event":"Filling up the DagBag from /opt/airflow/dags/etl_csv_to_postgres.py","logger":"airflow.dag_processing.dagbag.BundleDagBag","filename":"dagbag.py","lineno":469}
{"timestamp":"2026-06-10T23:52:45.078223Z","level":"info","event":"Filling up the DagBag from /opt/airflow/dags/etl_csv_to_postgres.py","logger":"airflow.dag_processing.dagbag.BundleDagBag","filename":"dagbag.py","lineno":469}
{"timestamp":"2026-06-10T23:53:15.421456Z","level":"info","event":"Filling up the DagBag from /opt/airflow/dags/etl_csv_to_postgres.py","logger":"airflow.dag_processing.dagbag.BundleDagBag","filename":"dagbag.py","lineno":469}
{"timestamp":"2026-06-10T23:53:45.708263Z","level":"info","event":"Filling up the DagBag from /opt/airflow/dags/etl_csv_to_postgres.py","logger":"airflow.dag_processing.dagbag.BundleDagBag","filename":"dagbag.py","lineno":469}
{"timestamp":"2026-06-10T23:54:15.952229Z","level":"info","event":"Filling up the DagBag from /opt/airflow/dags/etl_csv_to_postgres.py","logger":"airflow.dag_processing.dagbag.BundleDagBag","filename":"dagbag.py","lineno":469}
{"timestamp":"2026-06-10T23:54:46.312726Z","level":"info","event":"Filling up the DagBag from /opt/airflow/dags/etl_csv_to_postgres.py","logger":"airflow.dag_processing.dagbag.BundleDagBag","filename":"dagbag.py","lineno":469}
{"timestamp":"2026-06-10T23:55:16.732573Z","level":"info","event":"Filling up the DagBag from /opt/airflow/dags/etl_csv_to_postgres.py","logger":"airflow.dag_processing.dagbag.BundleDagBag","filename":"dagbag.py","lineno":469}
{"timestamp":"2026-06-10T23:55:47.103339Z","level":"info","event":"Filling up the DagBag from /opt/airflow/dags/etl_csv_to_postgres.py","logger":"airflow.dag_processing.dagbag.BundleDagBag","filename":"dagbag.py","lineno":469}
{"timestamp":"2026-06-10T23:56:17.439762Z","level":"info","event":"Filling up the DagBag from /opt/airflow/dags/etl_csv_to_postgres.py","logger":"airflow.dag_processing.dagbag.BundleDagBag","filename":"dagbag.py","lineno":469}
{"timestamp":"2026-06-10T23:56:47.798643Z","level":"info","event":"Filling up the DagBag from /opt/airflow/dags/etl_csv_to_postgres.py","logger":"airflow.dag_processing.dagbag.BundleDagBag","filename":"dagbag.py","lineno":469}
{"timestamp":"2026-06-10T23:57:18.344523Z","level":"info","event":"Filling up the DagBag from /opt/airflow/dags/etl_csv_to_postgres.py","logger":"airflow.dag_processing.dagbag.BundleDagBag","filename":"dagbag.py","lineno":469}
{"timestamp":"2026-06-10T23:57:48.742850Z","level":"info","event":"Filling up the DagBag from /opt/airflow/dags/etl_csv_to_postgres.py","logger":"airflow.dag_processing.dagbag.BundleDagBag","filename":"dagbag.py","lineno":469}
{"timestamp":"2026-06-10T23:58:19.116215Z","level":"info","event":"Filling up the DagBag from /opt/airflow/dags/etl_csv_to_postgres.py","logger":"airflow.dag_processing.dagbag.BundleDagBag","filename":"dagbag.py","lineno":469}
{"timestamp":"2026-06-10T23:58:49.392565Z","level":"info","event":"Filling up the DagBag from /opt/airflow/dags/etl_csv_to_postgres.py","logger":"airflow.dag_processing.dagbag.BundleDagBag","filename":"dagbag.py","lineno":469}
{"timestamp":"2026-06-10T23:59:19.739667Z","level":"info","event":"Filling up the DagBag from /opt/airflow/dags/etl_csv_to_postgres.py","logger":"airflow.dag_processing.dagbag.BundleDagBag","filename":"dagbag.py","lineno":469}
{"timestamp":"2026-06-10T23:59:50.295257Z","level":"info","event":"Filling up the DagBag from /opt/airflow/dags/etl_csv_to_postgres.py","logger":"airflow.dag_processing.dagbag.BundleDagBag","filename":"dagbag.py","lineno":469}
